 
 Var_new_1 <= 5 

{
    "False": {
        "Var_new_1": [
            6,
            7,
            8,
            9,
            10
        ]
    },
    "True": {
        "Var_new_1": [
            0,
            1,
            2,
            3,
            4,
            5
        ]
    }
}

|    | Condition      | True                    | False                    |
|---:|:---------------|:------------------------|:-------------------------|
|  0 | Var_new_1 <= 5 | {'Var_new_1': [(0, 6)]} | {'Var_new_1': [(6, 11)]} |