 
( ( Var_new_1 == 1 ) && ( ( Var_new_4 == 7 ) || ( Var_new_9 == 12 ) ) ) False

|    | Condition                          | Result                                                             |
|---:|:-----------------------------------|:-------------------------------------------------------------------|
|  0 | Var_new_1 == 1 and Var_new_4 == 7  | {'Var_new_1': [(-4, 1), (2, 7)], 'Var_new_4': [(2, 7), (8, 13)]}   |
|  1 | Var_new_1 == 1 and Var_new_9 == 12 | {'Var_new_1': [(-4, 1), (2, 7)], 'Var_new_9': [(7, 12), (13, 18)]} |

{
    "Var_new_1 == 1 and Var_new_4 == 7": {
        "Var_new_1": [
            -4,
            -3,
            -2,
            -1,
            0,
            2,
            3,
            4,
            5,
            6
        ],
        "Var_new_4": [
            2,
            3,
            4,
            5,
            6,
            8,
            9,
            10,
            11,
            12
        ]
    },
    "Var_new_1 == 1 and Var_new_9 == 12": {
        "Var_new_1": [
            -4,
            -3,
            -2,
            -1,
            0,
            2,
            3,
            4,
            5,
            6
        ],
        "Var_new_9": [
            7,
            8,
            9,
            10,
            11,
            13,
            14,
            15,
            16,
            17
        ]
    }
}