 
( ( Var_new_1 == 1 ) && ( ( Var_new_4 == 7 ) || ( Var_new_9 == 12 ) ) ) True

|    | Condition                          | Result                                           |
|---:|:-----------------------------------|:-------------------------------------------------|
|  0 | Var_new_1 == 1 and Var_new_4 == 7  | {'Var_new_1': [(1, 2)], 'Var_new_4': [(7, 8)]}   |
|  1 | Var_new_1 == 1 and Var_new_9 == 12 | {'Var_new_1': [(1, 2)], 'Var_new_9': [(12, 13)]} |

{
    "Var_new_1 == 1 and Var_new_4 == 7": {
        "Var_new_1": [
            1
        ],
        "Var_new_4": [
            7
        ]
    },
    "Var_new_1 == 1 and Var_new_9 == 12": {
        "Var_new_1": [
            1
        ],
        "Var_new_9": [
            12
        ]
    }
}